<?xml version="1.0" encoding="UTF-8" ?>

<dataset>
    <table name="issue">
        <column>id</column>
        <column>issue_type</column>
        <column>issue_date</column>
        <column>customer_name</column>
        <column>customer_cp</column>
        <column>content</column>
        <column>closed</column>
        <column>assignee_emp_id</column>
        <column>schedule_date</column>
        <column>response</column>

        <row>
            <value>1</value>
            <value>IS</value>
            <value>2017-02-01 09:00:00</value>
            <value>홍길동</value>
            <value>010-1234-5678</value>
            <value>일반 이슈</value>
            <value>false</value>
            <null/>
            <null/>
            <null/>
        </row>

        <row>
            <value>2</value>
            <value>VR</value>
            <value>2017-02-02 09:00:00</value>
            <value>최부자</value>
            <value>010-1234-1234</value>
            <value>교체</value>
            <value>false</value>
            <value>bkchoi</value>
            <value>2017-02-03 13:00:00</value>
            <null/>
        </row>

        <row>
            <value>3</value>
            <value>AP</value>
            <value>2017-02-03 09:00:00</value>
            <value>오첨지</value>
            <value>010-5678-5678</value>
            <value>불만이 있습니다</value>
            <value>false</value>
            <null/>
            <null/>
            <value>확실하게 처리하겠습니다</value>
        </row>

    </table>

    <table name="attach_file">
        <column>id</column>
        <column>name</column>
        <column>upload_date</column>

        <row>
            <value>F001</value>
            <value>파일001</value>
            <value>2017-02-01 09:00:00</value>
        </row>
        <row>
            <value>F002</value>
            <value>파일002</value>
            <value>2017-02-01 09:00:00</value>
        </row>
        <row>
            <value>F003</value>
            <value>파일003</value>
            <value>2017-02-01 09:00:00</value>
        </row>
    </table>

    <table name="local_file">
        <column>id</column>
        <column>path</column>

        <row>
            <value>F002</value>
            <value>/path/f002</value>
        </row>
    </table>

    <table name="cloud_file">
        <column>id</column>
        <column>provider</column>
        <column>url</column>

        <row>
            <value>F003</value>
            <value>I3</value>
            <value>http://i3.com/F003</value>
        </row>
    </table>

    <table name="ent_member">
        <column>id</column>
        <column>name</column>
        <column>comp_id</column>

        <row>
            <value>e001</value>
            <value>기업계정1</value>
            <value>ENT001</value>
        </row>
    </table>

    <table name="personal_member">
        <column>id</column>
        <column>name</column>
        <column>email</column>

        <row>
            <value>p001</value>
            <value>개인1</value>
            <value>p001@person.x</value>
        </row>
    </table>

    <table name="temp_member">
        <column>id</column>
        <column>name</column>
        <column>email</column>
        <column>expire_date</column>

        <row>
            <value>t001</value>
            <value>개인2</value>
            <value>t001@person.x</value>
            <value>2017-01-31 23:59:59</value>
        </row>
    </table>

    <table name="auth_log">
        <column>id</column>
        <column>userid</column>
        <column>ipaddress</column>
        <column>timestamp</column>
        <column>success</column>
        <row>
            <value>1</value>
            <value>madvirus</value>
            <value>127.0.0.1</value>
            <value>2017-01-01 00:00:00</value>
            <value>0</value>
        </row>
    </table>

    <table name="item">
        <column>id</column>
        <column>name</column>
        <column>price</column>

        <row>
            <value>I001</value>
            <value>아이템1</value>
            <value>1000KRW</value>
        </row>
    </table>

    <table name="category">
        <column>id</column>
        <column>name</column>
        <column>crt_dtm</column>
        <column>crt_empid</column>
        <column>creation_ip</column>

        <row>
            <value>CAT01</value>
            <value>카테고리1</value>
            <value>2017-03-10 11:21:00</value>
            <value>jungmi</value>
            <value>1.2.3.4</value>
        </row>
    </table>
    <table name="seller">
    </table>

</dataset>
